<?xml version="1.0" encoding="UTF-8"?>
<!-- Generated by org.testng.reporters.JUnitReportReporter -->
<testsuite hostname="LAPTOP-ATK0T12F" failures="0" tests="1" name="Basic.OrganizationsTest" time="7.439" errors="0" timestamp="2024-03-16T13:43:34 IST" skipped="0">
  <testcase classname="Basic.OrganizationsTest" name="CreateOrganizationTest" time="7.439"/>
  <system-out/>
</testsuite> <!-- Basic.OrganizationsTest -->
